MaterialDesign/build/outputs/logs/manifest-merger-debug-report.txt
-- Merging decision tree log ---
manifest
ADDED from MaterialDesign\AndroidManifest.xml:1:1-10:12
INJECTED from MaterialDesign\AndroidManifest.xml:1:1-10:12
INJECTED from MaterialDesign\AndroidManifest.xml:1:1-10:12
INJECTED from MaterialDesign\AndroidManifest.xml:1:1-10:12
INJECTED from MaterialDesign\AndroidManifest.xml:1:1-10:12
INJECTED from MaterialDesign\AndroidManifest.xml:1:1-10:12
INJECTED from MaterialDesign\AndroidManifest.xml:1:1-10:12
	package
		ADDED from MaterialDesign\AndroidManifest.xml:2:5-36
		INJECTED from MaterialDesign\AndroidManifest.xml
		INJECTED from MaterialDesign\AndroidManifest.xml
	android:versionName
		ADDED from MaterialDesign\AndroidManifest.xml:4:5-30
		INJECTED from MaterialDesign\AndroidManifest.xml
		INJECTED from MaterialDesign\AndroidManifest.xml
	xmlns:android
		ADDED from MaterialDesign\AndroidManifest.xml:1:11-69
	android:versionCode
		ADDED from MaterialDesign\AndroidManifest.xml:3:5-28
		INJECTED from MaterialDesign\AndroidManifest.xml
		INJECTED from MaterialDesign\AndroidManifest.xml
uses-sdk
ADDED from MaterialDesign\AndroidManifest.xml:6:5-43
INJECTED from MaterialDesign\AndroidManifest.xml:6:5-43
INJECTED from MaterialDesign\AndroidManifest.xml:6:5-43
INJECTED from MaterialDesign\AndroidManifest.xml:6:5-43
INJECTED from MaterialDesign\AndroidManifest.xml:6:5-43
	android:targetSdkVersion
		INJECTED from MaterialDesign\AndroidManifest.xml
		ADDED from MaterialDesign\AndroidManifest.xml:6:5-43
		INJECTED from MaterialDesign\AndroidManifest.xml
	android:minSdkVersion
		ADDED from MaterialDesign\AndroidManifest.xml:6:15-40
		INJECTED from MaterialDesign\AndroidManifest.xml
		INJECTED from MaterialDesign\AndroidManifest.xml
application
ADDED from MaterialDesign\AndroidManifest.xml:8:5-47
	android:allowBackup
		ADDED from MaterialDesign\AndroidManifest.xml:8:18-44